1598807324926	geckodriver	INFO	Listening on 127.0.0.1:62855
1598807327985	mozrunner::runner	INFO	Running command: "C:\\Program Files\\Mozilla Firefox\\firefox.exe" "--marionette" "-foreground" "-no-remote" "-profile" "C:\\Users\\PA061981\\AppData\\Local\\Temp\\rust_mozprofileqATmU2"
1598807329082	addons.webextension.screenshots@mozilla.org	WARN	Loading extension 'screenshots@mozilla.org': Reading manifest: Invalid extension permission: mozillaAddons
1598807329082	addons.webextension.screenshots@mozilla.org	WARN	Loading extension 'screenshots@mozilla.org': Reading manifest: Invalid extension permission: telemetry
1598807329083	addons.webextension.screenshots@mozilla.org	WARN	Loading extension 'screenshots@mozilla.org': Reading manifest: Invalid extension permission: resource://pdf.js/
1598807329083	addons.webextension.screenshots@mozilla.org	WARN	Loading extension 'screenshots@mozilla.org': Reading manifest: Invalid extension permission: about:reader*
JavaScript error: undefined, line 14: Error: An unexpected error occurred
JavaScript error: moz-extension://9f7d7d3d-d622-4ba3-a34b-770edcef0b87/lib/picture_in_picture_overrides.js, line 15: Error: Incorrect argument types for pictureInPictureParent.setOverrides.
JavaScript error: resource:///modules/sessionstore/SessionStore.jsm, line 1325: uncaught exception: 2147746065
1598807331892	Marionette	INFO	Listening on port 62863
1598807332317	Marionette	WARN	TLS certificate errors will be ignored for this session
1598807372792	Marionette	INFO	Stopped listening on port 62863
[Parent 50188, Gecko_IOThread] WARNING: pipe error: 109: file z:/task_1595268965/build/src/ipc/chromium/src/chrome/common/ipc_channel_win.cc, line 348
[Parent 50188, Gecko_IOThread] WARNING: pipe error: 109: file z:/task_1595268965/build/src/ipc/chromium/src/chrome/common/ipc_channel_win.cc, line 348
[Parent 50188, Gecko_IOThread] WARNING: pipe error: 109: file z:/task_1595268965/build/src/ipc/chromium/src/chrome/common/ipc_channel_win.cc, line 348
[GPU 33816, Chrome_ChildThre
###!!! [Child][MessageChannel::SendAndWait] Error: Channel error: cannot send/recv

1598807373933	geckodriver	INFO	Listening on 127.0.0.1:62930
1598807376990	mozrunner::runner	INFO	Running command: "C:\\Program Files\\Mozilla Firefox\\firefox.exe" "--marionette" "-foreground" "-no-remote" "-profile" "C:\\Users\\PA061981\\AppData\\Local\\Temp\\rust_mozprofileuZQjNF"
1598807377692	addons.webextension.screenshots@mozilla.org	WARN	Loading extension 'screenshots@mozilla.org': Reading manifest: Invalid extension permission: mozillaAddons
1598807377692	addons.webextension.screenshots@mozilla.org	WARN	Loading extension 'screenshots@mozilla.org': Reading manifest: Invalid extension permission: telemetry
1598807377693	addons.webextension.screenshots@mozilla.org	WARN	Loading extension 'screenshots@mozilla.org': Reading manifest: Invalid extension permission: resource://pdf.js/
1598807377693	addons.webextension.screenshots@mozilla.org	WARN	Loading extension 'screenshots@mozilla.org': Reading manifest: Invalid extension permission: about:reader*
JavaScript error: undefined, line 14: Error: An unexpected error occurred
JavaScript error: moz-extension://0644f349-c37c-4358-aa69-1754428a9067/lib/picture_in_picture_overrides.js, line 15: Error: Incorrect argument types for pictureInPictureParent.setOverrides.
JavaScript error: resource:///modules/sessionstore/SessionStore.jsm, line 1325: uncaught exception: 2147746065
1598807380204	Marionette	INFO	Listening on port 62938
1598807380216	Marionette	WARN	TLS certificate errors will be ignored for this session
1598807403371	Marionette	INFO	Stopped listening on port 62938
[Parent 51840, Gecko_IOThread] WARNING: pipe error: 109: file z:/task_1595268965/build/src/ipc/chromium/src/chrome/common/ipc_channel_win.cc, line 348
[Child 36104, Chrome_ChildThread] WARNING: pipe error: 109: file z:/task_1595268965/build/src/ipc/chromium/src/chrome/common/ipc_channel_win.cc, line 348
[Child 36
###!!! [Child][RunMessage] Error: Channel closing: too late to send/recv, messages will be lost

[GPU 5844, Chrome_Child
###!!! [Child][MessageChannel::SendAndWait] Error: Channel error: cannot send/recv

1598807404645	geckodriver	INFO	Listening on 127.0.0.1:62986
1598807407696	mozrunner::runner	INFO	Running command: "C:\\Program Files\\Mozilla Firefox\\firefox.exe" "--marionette" "-foreground" "-no-remote" "-profile" "C:\\Users\\PA061981\\AppData\\Local\\Temp\\rust_mozprofileJgZbzp"
1598807408226	addons.webextension.screenshots@mozilla.org	WARN	Loading extension 'screenshots@mozilla.org': Reading manifest: Invalid extension permission: mozillaAddons
1598807408226	addons.webextension.screenshots@mozilla.org	WARN	Loading extension 'screenshots@mozilla.org': Reading manifest: Invalid extension permission: telemetry
1598807408227	addons.webextension.screenshots@mozilla.org	WARN	Loading extension 'screenshots@mozilla.org': Reading manifest: Invalid extension permission: resource://pdf.js/
1598807408227	addons.webextension.screenshots@mozilla.org	WARN	Loading extension 'screenshots@mozilla.org': Reading manifest: Invalid extension permission: about:reader*
JavaScript error: undefined, line 14: Error: An unexpected error occurred
JavaScript error: moz-extension://a7be1102-1a49-4026-9bdd-b17beacaec83/lib/picture_in_picture_overrides.js, line 15: Error: Incorrect argument types for pictureInPictureParent.setOverrides.
JavaScript error: resource:///modules/sessionstore/SessionStore.jsm, line 1325: uncaught exception: 2147746065
1598807410618	Marionette	INFO	Listening on port 62996
1598807410913	Marionette	WARN	TLS certificate errors will be ignored for this session
[Parent 52356, Gecko_IOThread] WARNING: pipe error: 109: file z:/task_1595268965/build/src/ipc/chromium/src/chrome/common/ipc_channel_win.cc, line 348
[Child 46228, Chrome_ChildThread] WARNING: pipe error: 109: file z:/task_1595268965/build/src/ipc/chromium/src/chrome/common/ipc_channel_win.cc, line 348

###!!! [Parent][MessageChannel] Error: (msgtype=0x1E0074,name=PBrowser::Msg_StopIMEStateManagement) Closed channel: cannot send/recv


###!!! [Parent][MessageChannel] Error: (msgtype=0x1E00A0,name=PBrowser::Msg_UpdateNativeWindowHandle) Closed channel: cannot send/recv


###!!! [Parent][MessageChannel] Error: (msgtype=0x1E008F,name=PBrowser::Msg_Destroy) Closed channel: cannot send/recv

[Child 46228, Chrome_ChildThread] WARNING: pipe error: 109: file z:/task_1595268965/build/src/ipc/chromium/src/chrome/common/ipc_channel_win.cc, line 348

###!!! [Child][MessageChannel] Error: (msgtype=0x1E0001,name=PBrowser::Msg_AsyncMessage) Closed channel: cannot send/recv

JavaScript error: resource:///actors/AboutReaderChild.jsm, line 95: NS_ERROR_UNEXPECTED: 

###!!! [Child][MessageChannel] Error: (msgtype=0x1E002E,name=PBrowser::Msg_SetInputContext) Closed channel: cannot send/recv


###!!! [Child][MessageChannel] Error: (msgtype=0x35011D,name=PContent::Msg_DetachBrowsingContext) Closed channel: cannot send/recv

[Parent 52356, Gecko_IOThread] WARNING: pipe error: 109: file z:/task_1595268965/build/src/ipc/chromium/src/chrome/common/ipc_channel_win.cc, line 348
[Child 50804, Chrome_ChildThread] WARNING: pipe error: 109: file z:/task_1595268965/build/src/ipc/chromium/src/chrome/common/ipc_channel_win.cc, line 348
48, Chrome_ChildThread] WARNING: pipe error: 109: file z:/task_1595268965/build/src/ipc/chromium/src/chrome/common/ipc_channel_win.cc, line 348
[Child 51932, Chrome_ChildThread] WARNING: 
###!!! [Parent][MessageChannel] Error: (msgtype=0x1E0074,name=PBrowser::Msg_StopIMEStateManagement) Closed channel: cannot send/recv

pipe erro
###!!! [Parent][MessageChannel] Error: (msgtype=0x1E00A0,name=PBrowser::Msg_UpdateNativeWindowHandle) Closed channel: cannot send/recv

r: 1
###!!! [Parent][MessageChannel] Error: (msgtype=0x1E008F,name=PBrowser::Msg_Destroy) Closed channel: cannot send/recv

09: file z:/task_1595268965/build/src/ipc/chromium/src/chrome/common/ipc_channel_win.cc, line 348
[Child 51932, Chrome_ChildThread] WARNING: pipe error: 109: file z:/task_1595268965/build/src/ipc/chromium/src/chrome/common/ipc_channel_win.cc, line 348

###!!! [Child][MessageChannel] Error: (msgtype=0x1E0001,name=PBrowser::Msg_AsyncMessage) Closed channel: cannot send/recv

JavaScript error: resource:///actors/AboutReaderChild.jsm, line 95[Parent 35052, Gecko_IOThread] WARNING: pipe error: 109: file z:/task_1595268965/build/src/ipc/chromium/src/chrome/common/ipc_channel_win.cc, line 348
: NS_ERROR_UNEXPECTED: 
[Child 35748, Chrome_ChildThread] WARNING: pipe error: 109: file z:/task_1595268965/build/src/ipc/Exiting due to channel error.
[GFX1-]: Receive IPC close with reason=AbnormalShutdown
d] WARNING: pipe error: 109: file z:/task_1595268965/build/src/ipc/chromium/src/chrome/common/ipc_channel_win.cc, line 348

###!!! [Child][MessageChannel] Error: (msgtype=0x1E002E,name=PBrowser::Msg_SetInputContext) Closed channel: cannot send/recv


###!!! [Child][MessageChannel] Error: (msgtype=0x35011D,name=PContent::Msg_DetachBrowsingContext) Closed channel: cannot send/recv

bextension.screenshots@mozilla.org	WARN	Loading extension 'screenshots@mozilla.org': Reading manifest: Invalid extension permission: telemetry
1598807470783	addons.webextension.screenshots@mozilla.org	WARN	Loading extension 'screenshots@mozilla.org': Reading manifest: Invalid extension permission: resource://pdf.js/
1598807470783	addons.webextension.screenshots@mozilla.org	WARN	Loading extension 'screenshots@mozilla.org': Reading manifest: Invalid extension permission: about:reader*
JavaScript error: undefined, line 14: Error: An unexpected error occurred
JavaScript error: moz-extension://4e473e94-d0ea-4d34-8e52-5ceff84b4e39/lib/picture_in_picture_overrides.js, line 15: Error: Incorrect argument types for pictureInPictureParent.setOverrides.
JavaScript error: resource:///modules/sessionstore/SessionStore.jsm, line 1325: uncaught exception: 2147746065
1598807472994	Marionette	INFO	Listening on port 63159
1598807473341	Marionette	WARN	TLS certificate errors will be ignored for this session
[Parent 48044, Gecko_IOThread] WARNING: pipe error: 109: file z:/task_1595268965/build/src/ipc/chromium/src/chrome/common/ipc_channel_win.cc, line 348

###!!! [Parent][MessageChannel] Error: (msgtype=0x1E0074,name=PBrowser::Msg_StopIMEStateManagement) Closed channel: cannot send/recv


###!!! [Parent][MessageChannel] Error: (msgtype=0x1E00A0,name=PBrowser::Msg_UpdateNativeWindowHandle) Closed channel: cannot send/recv


###!!! [Parent][MessageChannel] Error: (msgtype=0x1E008F,name=PBrowser::Msg_Destroy) Closed channel: cannot send/recv

[Child 52216, Chrome_ChildThread] WARNING: pipe error: 109: file z:/task_1595268965/build/src/ipc/chromium/src/chrome/common/ipc_channel_win.cc, line 348

###!!! [Child][MessageChannel] Error: (msgtype=0x1E0001,name=PBrowser::Msg_AsyncMessage) Closed channel: cannot send/recv

JavaScript error: resource:///actors/AboutReaderChild.jsm, line 95: NS_ERROR_UNEXPECTED: 

###!!! [Child][MessageChannel] Error: (msgtype=0x1E002E,name=PBrowser::Msg_SetInputContext) Closed channel: cannot send/recv


###!!! [Child][MessageChannel] Error: (msgtype=0x35011D,name=PContent::Msg_DetachBrowsingContext) Closed channel: cannot send/recv

Exiting due to channel error.
[GFX1-]: Receive IPC close with reason=AbnormalShutdown
store/SessionStore.jsm, line 1325: uncaught exception: 2147746065
1598807498646	Marionette	INFO	Listening on port 63207
1598807498900	Marionette	WARN	TLS certificate errors will be ignored for this session
[Parent 7392, Gecko_IOThread] WARNING: pipe error: 109: file z:/task_1595268965/build/src/ipc/chromium/src/chrome/common/ipc_channel_win.cc, line 348
[Child 53148, Chrome_ChildThread] WARNING: pipe error: 109: file z:/task_1595268965/build/src/ipc/chromium/src/chrome/common/ipc_channel_win.cc, line 348
[Child 53148, Chrome_Ch[Parent 7392, Gecko_IOThread] WARNING: pipe error: 109: file z:/task_1595268965/build/src/ipc/chromium/src/chrome/common/ipc_channel_win.cc, line 348
[Child 36684, Chrome_ChildThread] WARNING: pipe error: 109: file z:/task_1595268965/build/src/ipc/chromium/src/chrome/common/ipc_channel_win.cc, line 348

###!!! [Parent][MessageChannel] Error: (msgtype=0x1E0074,name=PBrowser::Msg_StopIMEStateManagement) Closed channel: cannot send/recv


###!!! [Parent][MessageChannel] Error: (msgtype=0x1E00A0,name=PBrowser::Msg_UpdateNativeWindowHandle) Closed channel: cannot send/recv


###!!! [Parent][MessageChannel] Error: (msgtype=0x1E008F,name=PBrowser::Msg_Destroy) Closed channel: cannot send/recv

[Child 36684, Chrome_ChildThread] WARNING: pipe error: 109: file z:/task_1595268965/build/src/ipc/chromium/src/chrome/common/ipc_channel_win.cc, line 348

###!!! [Child][MessageChannel] Error: (msgtype=0x1E0001,name=PBrowser::Msg_AsyncMessage) Closed channel: cannot send/recv

JavaScript error: resource:///actors/AboutReaderChild.jsm, line 95: NS_ERROR_UNEXPECTED: 
[Parent 7392, Gecko_IOThread] WARNING: pipe error: 109: file z:/task_1595268965/build/src/ipc/chromium/src/chrome/common/ipc_channel_win.cc, line 348

###!!! [Child][MessageChannel] Error: (msgtype=0x1E002E,name=PBrowser::Msg_SetInputContext) Closed channel: cannot send/recv

[Child 39728, Chrome_ChildThread] WARNING: pipe error: 109: file z:/task_1595268965/build/src/ipc/chromium/src/chrome/common/ipc_channel_win.cc, line 348

###!!! [Child][MessageChannel] Error: (msgtype=0x35011D,name=PContent::Msg_DetachBrowsingContext) Closed channel: cannot send/recv

